0 info it worked if it ends with ok
1 verbose cli [ '/home/bkinsey/.nvm/versions/node/v6.3.1/bin/node',
1 verbose cli   '/home/bkinsey/.nvm/versions/node/v6.3.1/bin/npm',
1 verbose cli   'run',
1 verbose cli   'webpack' ]
2 info using npm@3.10.3
3 info using node@v6.3.1
4 verbose run-script [ 'prewebpack', 'webpack', 'postwebpack' ]
5 info lifecycle bk-ts-e2e@0.0.0~prewebpack: bk-ts-e2e@0.0.0
6 silly lifecycle bk-ts-e2e@0.0.0~prewebpack: no script for prewebpack, continuing
7 info lifecycle bk-ts-e2e@0.0.0~webpack: bk-ts-e2e@0.0.0
8 verbose lifecycle bk-ts-e2e@0.0.0~webpack: unsafe-perm in lifecycle true
9 verbose lifecycle bk-ts-e2e@0.0.0~webpack: PATH: /home/bkinsey/.nvm/versions/node/v6.3.1/lib/node_modules/npm/bin/node-gyp-bin:/home/bkinsey/opt/bkinsey808/bk-ts-e2e/node_modules/.bin:/home/bkinsey/.nvm/versions/node/v6.3.1/bin:/home/bkinsey/.nvm/versions/node/v6.3.1/bin:/home/bkinsey/.sdkman/candidates/groovy/current/bin:/usr/local/sbin:/usr/local/bin:/usr/sbin:/usr/bin:/sbin:/bin:/usr/games:/usr/local/games:/usr/lib/jvm/java-8-oracle/bin:/usr/lib/jvm/java-8-oracle/db/bin:/usr/lib/jvm/java-8-oracle/jre/bin:/home/bkinsey/opt/chromedriver
10 verbose lifecycle bk-ts-e2e@0.0.0~webpack: CWD: /home/bkinsey/opt/bkinsey808/bk-ts-e2e
11 silly lifecycle bk-ts-e2e@0.0.0~webpack: Args: [ '-c',
11 silly lifecycle   'webpack --config dist/webpack.config.js --display-error-details' ]
12 silly lifecycle bk-ts-e2e@0.0.0~webpack: Returned: code: 1  signal: null
13 info lifecycle bk-ts-e2e@0.0.0~webpack: Failed to exec webpack script
14 verbose stack Error: bk-ts-e2e@0.0.0 webpack: `webpack --config dist/webpack.config.js --display-error-details`
14 verbose stack Exit status 1
14 verbose stack     at EventEmitter.<anonymous> (/home/bkinsey/.nvm/versions/node/v6.3.1/lib/node_modules/npm/lib/utils/lifecycle.js:242:16)
14 verbose stack     at emitTwo (events.js:106:13)
14 verbose stack     at EventEmitter.emit (events.js:191:7)
14 verbose stack     at ChildProcess.<anonymous> (/home/bkinsey/.nvm/versions/node/v6.3.1/lib/node_modules/npm/lib/utils/spawn.js:40:14)
14 verbose stack     at emitTwo (events.js:106:13)
14 verbose stack     at ChildProcess.emit (events.js:191:7)
14 verbose stack     at maybeClose (internal/child_process.js:852:16)
14 verbose stack     at Process.ChildProcess._handle.onexit (internal/child_process.js:215:5)
15 verbose pkgid bk-ts-e2e@0.0.0
16 verbose cwd /home/bkinsey/opt/bkinsey808/bk-ts-e2e
17 error Linux 4.2.0-41-generic
18 error argv "/home/bkinsey/.nvm/versions/node/v6.3.1/bin/node" "/home/bkinsey/.nvm/versions/node/v6.3.1/bin/npm" "run" "webpack"
19 error node v6.3.1
20 error npm  v3.10.3
21 error code ELIFECYCLE
22 error bk-ts-e2e@0.0.0 webpack: `webpack --config dist/webpack.config.js --display-error-details`
22 error Exit status 1
23 error Failed at the bk-ts-e2e@0.0.0 webpack script 'webpack --config dist/webpack.config.js --display-error-details'.
23 error Make sure you have the latest version of node.js and npm installed.
23 error If you do, this is most likely a problem with the bk-ts-e2e package,
23 error not with npm itself.
23 error Tell the author that this fails on your system:
23 error     webpack --config dist/webpack.config.js --display-error-details
23 error You can get information on how to open an issue for this project with:
23 error     npm bugs bk-ts-e2e
23 error Or if that isn't available, you can get their info via:
23 error     npm owner ls bk-ts-e2e
23 error There is likely additional logging output above.
24 verbose exit [ 1, true ]
